\BOOKMARK [1][-]{section*.1}{\376\377\000A\000b\000s\000t\000r\000a\000c\000t}{}% 1
\BOOKMARK [1][-]{section.1}{\376\377\000I\000n\000t\000r\000o\000d\000u\000c\000t\000i\000o\000n\000\040\000-\000\040\000N\000e\000e\000d\000\040\000t\000o\000\040\000t\000a\000k\000e\000\040\000o\000u\000t\000\040\000t\000h\000e\000\040\000s\000u\000b\000s\000e\000c\000t\000i\000o\000n\000\040\000t\000i\000t\000l\000e\000s\000\040\000a\000n\000d\000\040\000s\000h\000i\000f\000t\000\040\000t\000h\000e\000\040\000l\000i\000t\000e\000r\000a\000t\000u\000r\000e\000\040\000r\000e\000v\000i\000e\000w\000\040\000i\000n\000t\000o\000\040\000t\000h\000e\000\040\000i\000n\000t\000r\000o\000d\000u\000c\000t\000i\000o\000n}{}% 2
\BOOKMARK [2][-]{subsection.1.1}{\376\377\000A\000i\000m\000s\000\040\000a\000n\000d\000\040\000M\000o\000t\000i\000v\000a\000t\000i\000o\000n}{section.1}% 3
\BOOKMARK [2][-]{subsection.1.2}{\376\377\000S\000t\000u\000d\000y\000\040\000D\000a\000t\000a\000s\000e\000t\000\040\000a\000n\000d\000\040\000M\000o\000d\000e\000l\000i\000n\000g}{section.1}% 4
\BOOKMARK [2][-]{subsection.1.3}{\376\377\000W\000e\000a\000t\000h\000e\000r\000i\000n\000g\000\040\000F\000i\000n\000g\000e\000r\000p\000r\000i\000n\000t\000s}{section.1}% 5
\BOOKMARK [1][-]{section.2}{\376\377\000L\000i\000t\000e\000r\000a\000t\000u\000r\000e\000\040\000R\000e\000v\000i\000e\000w}{}% 6
\BOOKMARK [2][-]{subsection.2.1}{\376\377\000D\000e\000f\000i\000n\000i\000n\000g\000\040\000W\000e\000a\000t\000h\000e\000r\000i\000n\000g}{section.2}% 7
\BOOKMARK [2][-]{subsection.2.2}{\376\377\000G\000e\000o\000l\000o\000g\000i\000c\000a\000l\000\040\000C\000o\000n\000t\000r\000o\000l\000s\000\040\000o\000n\000\040\000W\000e\000a\000t\000h\000e\000r\000i\000n\000g}{section.2}% 8
\BOOKMARK [2][-]{subsection.2.3}{\376\377\000R\000e\000a\000c\000t\000i\000o\000n\000\040\000R\000a\000t\000e\000s\000\040\000i\000n\000\040\000N\000a\000t\000u\000r\000a\000l\000\040\000a\000n\000d\000\040\000L\000a\000b\000o\000r\000a\000t\000o\000r\000y\000\040\000S\000e\000t\000t\000i\000n\000g\000s}{section.2}% 9
\BOOKMARK [2][-]{subsection.2.4}{\376\377\000R\000e\000s\000p\000o\000n\000s\000e\000\040\000t\000o\000\040\000M\000o\000n\000s\000o\000o\000n\000a\000l\000\040\000P\000r\000e\000c\000i\000p\000i\000t\000a\000t\000i\000o\000n}{section.2}% 10
\BOOKMARK [2][-]{subsection.2.5}{\376\377\000E\000f\000f\000e\000c\000t\000s\000\040\000o\000f\000\040\000a\000\040\000C\000h\000a\000n\000g\000i\000n\000g\000\040\000C\000l\000i\000m\000a\000t\000e}{section.2}% 11
\BOOKMARK [1][-]{section.3}{\376\377\000S\000t\000u\000d\000y\000\040\000A\000r\000e\000a}{}% 12
\BOOKMARK [2][-]{subsection.3.1}{\376\377\000G\000e\000o\000l\000o\000g\000y\000\040\000a\000n\000d\000\040\000G\000e\000o\000m\000o\000r\000p\000h\000i\000c\000\040\000S\000e\000t\000t\000i\000n\000g}{section.3}% 13
\BOOKMARK [2][-]{subsection.3.2}{\376\377\000C\000l\000i\000m\000a\000t\000e}{section.3}% 14
\BOOKMARK [1][-]{section.4}{\376\377\000D\000a\000t\000a\000\040\000c\000o\000l\000l\000e\000c\000t\000i\000o\000n\000\040\000a\000n\000d\000\040\000a\000n\000a\000l\000y\000s\000i\000s}{}% 15
\BOOKMARK [2][-]{subsection.4.1}{\376\377\000F\000i\000e\000l\000d\000\040\000S\000a\000m\000p\000l\000i\000n\000g}{section.4}% 16
\BOOKMARK [2][-]{subsection.4.2}{\376\377\000M\000a\000j\000o\000r\000\040\000a\000n\000d\000\040\000T\000r\000a\000c\000e\000\040\000E\000l\000e\000m\000e\000n\000t\000\040\000A\000n\000a\000l\000y\000s\000i\000s}{section.4}% 17
\BOOKMARK [2][-]{subsection.4.3}{\376\377\000I\000s\000o\000t\000o\000p\000e\000\040\000A\000n\000a\000l\000y\000s\000i\000s}{section.4}% 18
\BOOKMARK [2][-]{subsection.4.4}{\376\377\000E\000s\000t\000i\000m\000a\000t\000e\000s\000\040\000o\000f\000\040\000U\000n\000c\000e\000r\000t\000a\000i\000n\000t\000y}{section.4}% 19
\BOOKMARK [2][-]{subsection.4.5}{\376\377\000C\000y\000c\000l\000i\000c\000\040\000a\000n\000d\000\040\000H\000y\000d\000r\000o\000t\000h\000e\000r\000m\000a\000l\000\040\000C\000o\000r\000r\000e\000c\000t\000i\000o\000n}{section.4}% 20
\BOOKMARK [1][-]{section.5}{\376\377\000S\000e\000a\000s\000o\000n\000a\000l\000\040\000a\000n\000d\000\040\000S\000p\000a\000t\000i\000a\000l\000\040\000V\000a\000r\000i\000a\000t\000i\000o\000n}{}% 21
\BOOKMARK [2][-]{subsection.5.1}{\376\377\000M\000o\000n\000s\000o\000o\000n\000a\000l\000\040\000I\000n\000f\000l\000u\000e\000n\000c\000e\000\040\000o\000n\000\040\000S\000p\000r\000i\000n\000g\000\040\000C\000h\000e\000m\000i\000s\000t\000r\000y}{section.5}% 22
\BOOKMARK [2][-]{subsection.5.2}{\376\377\000S\000p\000a\000t\000i\000a\000l\000\040\000C\000o\000n\000c\000e\000n\000t\000r\000a\000t\000i\000o\000n\000\040\000C\000h\000a\000n\000g\000e\000s\000\040\000b\000e\000t\000w\000e\000e\000n\000\040\000t\000h\000e\000\040\000S\000p\000r\000i\000n\000g\000s}{section.5}% 23
\BOOKMARK [2][-]{subsection.5.3}{\376\377\000S\000t\000r\000o\000n\000t\000i\000u\000m\000\040\000i\000s\000o\000t\000o\000p\000e\000s\000\040\000a\000n\000d\000\040\000t\000h\000e\000i\000r\000\040\000I\000m\000p\000l\000i\000c\000a\000t\000i\000o\000n\000s}{section.5}% 24
\BOOKMARK [2][-]{subsection.5.4}{\376\377\000C\000o\000n\000s\000i\000s\000t\000e\000n\000t\000\040\000F\000l\000o\000w\000\040\000P\000a\000t\000h\000s\000\040\000M\000i\000d\000-\000C\000a\000t\000c\000h\000m\000e\000n\000t}{section.5}% 25
\BOOKMARK [1][-]{section.6}{\376\377\000D\000i\000s\000c\000u\000s\000s\000i\000o\000n}{}% 26
\BOOKMARK [2][-]{subsection.6.1}{\376\377\000M\000o\000d\000a\000l\000\040\000D\000e\000c\000o\000m\000p\000o\000s\000i\000t\000i\000o\000n\000\040\000I\000d\000e\000n\000t\000i\000f\000i\000e\000s\000\040\000W\000e\000a\000t\000h\000e\000r\000i\000n\000g\000\040\000R\000e\000a\000c\000t\000i\000o\000n}{section.6}% 27
\BOOKMARK [2][-]{subsection.6.2}{\376\377\000O\000n\000e\000-\000D\000i\000m\000e\000n\000s\000i\000o\000n\000a\000l\000\040\000R\000e\000a\000c\000t\000i\000v\000e\000\040\000T\000r\000a\000n\000s\000p\000o\000r\000t\000\040\000M\000o\000d\000e\000l\000s}{section.6}% 28
\BOOKMARK [3][-]{subsubsection.6.2.1}{\376\377\000M\000o\000d\000e\000l\000\040\000M\000o\000t\000i\000v\000a\000t\000i\000o\000n\000\040\000-\000\040\000D\000o\000\040\000w\000e\000\040\000a\000d\000d\000\040\000t\000h\000i\000s\000\040\000i\000n\000t\000o\000\040\000t\000h\000e\000\040\000o\000t\000h\000e\000r\000\040\000t\000h\000i\000n\000g\000?}{subsection.6.2}% 29
\BOOKMARK [3][-]{subsubsection.6.2.2}{\376\377\000F\000o\000n\000t\000o\000r\000b\000e\000\040\000e\000t\000\040\000a\000l\000.\000\040\000\050\0002\0000\0001\0003\000\051\000\040\000-\000\040\000N\000u\000l\000l\000\040\000H\000y\000p\000o\000t\000h\000e\000s\000i\000s\000\040\000-\000\040\000M\000o\000d\000e\000l}{subsection.6.2}% 30
\BOOKMARK [3][-]{subsubsection.6.2.3}{\376\377\000M\000a\000h\000e\000r\000\040\000M\000o\000d\000e\000l\000\040\000-\000\040\000C\000o\000r\000r\000e\000c\000t\000\040\000t\000h\000i\000s\000\040\000w\000i\000t\000h\000\040\000r\000e\000s\000p\000e\000c\000t\000\040\000t\000o\000\040\000m\000i\000k\000e}{subsection.6.2}% 31
\BOOKMARK [3][-]{subsubsection.6.2.4}{\376\377\000C\000o\000m\000p\000a\000r\000i\000s\000o\000n\000\040\000o\000f\000\040\000t\000h\000e\000\040\000M\000o\000d\000e\000l\000s}{subsection.6.2}% 32
\BOOKMARK [3][-]{subsubsection.6.2.5}{\376\377\000C\000o\000n\000s\000t\000r\000a\000i\000n\000t\000s\000\040\000o\000n\000\040\000R\000e\000s\000i\000d\000e\000n\000c\000e\000\040\000T\000i\000m\000e}{subsection.6.2}% 33
\BOOKMARK [2][-]{subsection.6.3}{\376\377\000F\000r\000e\000e\000\040\000E\000n\000e\000r\000g\000y\000\040\000C\000a\000l\000c\000u\000l\000a\000t\000i\000o\000n\000s}{section.6}% 34
\BOOKMARK [3][-]{subsubsection.6.3.1}{\376\377\000C\000o\000m\000p\000a\000r\000i\000s\000o\000n\000\040\000w\000i\000t\000h\000\040\000R\000e\000s\000i\000d\000e\000n\000c\000e\000\040\000T\000i\000m\000e}{subsection.6.3}% 35
\BOOKMARK [3][-]{subsubsection.6.3.2}{\376\377\000C\000o\000n\000s\000t\000r\000a\000i\000n\000t\000s\000\040\000o\000n\000\040\000R\000e\000a\000c\000t\000i\000o\000n\000\040\000R\000a\000t\000e}{subsection.6.3}% 36
\BOOKMARK [1][-]{section*.23}{\376\377\000R\000e\000f\000e\000r\000e\000n\000c\000e\000s}{}% 37
\BOOKMARK [1][-]{section.7}{\376\377\000A\000p\000p\000e\000n\000d\000i\000x\000\040\0001\000:\000\040\000S\000t\000r\000o\000n\000t\000i\000u\000m\000\040\000I\000s\000o\000t\000o\000p\000e\000s\000\040\000a\000n\000d\000\040\000t\000h\000e\000i\000r\000\040\000A\000p\000p\000l\000i\000c\000a\000t\000i\000o\000n\000s}{}% 38
\BOOKMARK [1][-]{section.8}{\376\377\000A\000p\000p\000e\000n\000d\000i\000x\000\040\0002\000:\000\040\000D\000e\000r\000i\000v\000a\000t\000i\000o\000n\000\040\000o\000f\000\040\000r\000e\000a\000c\000t\000i\000v\000e\000\040\000t\000r\000a\000n\000s\000p\000o\000r\000t\000\040\000M\000o\000d\000e\000l\000s}{}% 39
\BOOKMARK [2][-]{subsection.8.1}{\376\377\000F\000o\000n\000t\000o\000r\000b\000e\000\040\000e\000t\000\040\000a\000l\000.\000\040\000\050\0002\0000\0001\0003\000\051\000\040\000-\000\040\000N\000u\000l\000l\000\040\000H\000y\000p\000o\000t\000h\000e\000s\000i\000s\000\040\000-\000\040\000M\000o\000d\000e\000l\000\040\000D\000e\000r\000i\000v\000a\000t\000i\000o\000n}{section.8}% 40
\BOOKMARK [2][-]{subsection.8.2}{\376\377\000M\000a\000h\000e\000r\000\040\000M\000o\000d\000e\000l\000\040\000D\000e\000r\000i\000v\000a\000t\000i\000o\000n}{section.8}% 41
